0 info it worked if it ends with ok
1 verbose cli [ '/Users/giuliandrimba/.nvm/versions/v4.5.0/bin/node',
1 verbose cli   '/Users/giuliandrimba/.nvm/versions/v4.5.0/bin/npm',
1 verbose cli   'run',
1 verbose cli   'server' ]
2 info using npm@2.15.9
3 info using node@v4.5.0
4 verbose run-script [ 'preserver', 'server', 'postserver' ]
5 info preserver @giuliandrimba/aquarela@0.1.0
6 info server @giuliandrimba/aquarela@0.1.0
7 verbose unsafe-perm in lifecycle true
8 info @giuliandrimba/aquarela@0.1.0 Failed to exec server script
9 verbose stack Error: @giuliandrimba/aquarela@0.1.0 server: `node build/server.js`
9 verbose stack Exit status 1
9 verbose stack     at EventEmitter.<anonymous> (/Users/giuliandrimba/.nvm/versions/v4.5.0/lib/node_modules/npm/lib/utils/lifecycle.js:217:16)
9 verbose stack     at emitTwo (events.js:87:13)
9 verbose stack     at EventEmitter.emit (events.js:172:7)
9 verbose stack     at ChildProcess.<anonymous> (/Users/giuliandrimba/.nvm/versions/v4.5.0/lib/node_modules/npm/lib/utils/spawn.js:24:14)
9 verbose stack     at emitTwo (events.js:87:13)
9 verbose stack     at ChildProcess.emit (events.js:172:7)
9 verbose stack     at maybeClose (internal/child_process.js:829:16)
9 verbose stack     at Process.ChildProcess._handle.onexit (internal/child_process.js:211:5)
10 verbose pkgid @giuliandrimba/aquarela@0.1.0
11 verbose cwd /Users/giuliandrimba/workspace/aforma/type
12 error Darwin 16.7.0
13 error argv "/Users/giuliandrimba/.nvm/versions/v4.5.0/bin/node" "/Users/giuliandrimba/.nvm/versions/v4.5.0/bin/npm" "run" "server"
14 error node v4.5.0
15 error npm  v2.15.9
16 error code ELIFECYCLE
17 error @giuliandrimba/aquarela@0.1.0 server: `node build/server.js`
17 error Exit status 1
18 error Failed at the @giuliandrimba/aquarela@0.1.0 server script 'node build/server.js'.
18 error This is most likely a problem with the @giuliandrimba/aquarela package,
18 error not with npm itself.
18 error Tell the author that this fails on your system:
18 error     node build/server.js
18 error You can get information on how to open an issue for this project with:
18 error     npm bugs @giuliandrimba/aquarela
18 error Or if that isn't available, you can get their info via:
18 error
18 error     npm owner ls @giuliandrimba/aquarela
18 error There is likely additional logging output above.
19 verbose exit [ 1, true ]
